<?xml version="1.0" encoding="UTF-8"?>
<testsuite name="demo.tailored.auto.DefinitionTestSuite" time="6.474" tests="8" errors="0" skipped="0" failures="0">
  <properties>
[...]
</properties>
  <testcase name="Given the user is on the Wikionary home page" classname="Scenario: Looking up the definition of &apos;apple&apos;" time="0.001"/>
  <testcase name="When the user looks up the definition of the word &apos;apple&apos;" classname="Scenario: Looking up the definition of &apos;apple&apos;" time="0.001"/>
  <testcase name="Then they should see the definition &apos;A common, round fruit produced by the tree Malus domestica, cultivated in temperate climates.&apos;" classname="Scenario: Looking up the definition of &apos;apple&apos;" time="0"/>
  <testcase name="Scenario: Looking up the definition of &apos;apple&apos;" classname="Scenario: Looking up the definition of &apos;apple&apos;" time="4.609"/>
  <testcase name="Given the user is on the Wikionary home page" classname="Scenario: Looking up the definition of &apos;pear&apos;" time="0"/>
  <testcase name="When the user looks up the definition of the word &apos;pear&apos;" classname="Scenario: Looking up the definition of &apos;pear&apos;" time="0"/>
  <testcase name="Then they should see the definition &apos;An edible fruit produced by the pear tree, similar to an apple but elongated towards the stem.&apos;" classname="Scenario: Looking up the definition of &apos;pear&apos;" time="0"/>
  <testcase name="Scenario: Looking up the definition of &apos;pear&apos;" classname="Scenario: Looking up the definition of &apos;pear&apos;" time="1.863"/>
</testsuite>